<?xml version="1.0" encoding="UTF-8"?>
<!-- Generated by org.testng.reporters.JUnitReportReporter -->
<testsuite hostname="Aishy" failures="0" tests="1" name="tests.Logcsv" time="98.845" errors="0" timestamp="2022-09-24T12:55:48 BDT" skipped="0">
  <testcase classname="tests.Logcsv" name="Login" time="98.845"/>
  <system-out/>
</testsuite> <!-- tests.Logcsv -->
